<?xml version="1.0" encoding="UTF-8"?>
<testsuite xmlns:xsi="http://www.w3.org/2001/XMLSchema-instance" xsi:noNamespaceSchemaLocation="https://maven.apache.org/surefire/maven-surefire-plugin/xsd/surefire-test-report-3.0.xsd" version="3.0" name="com.example.ecole.EcoleApplicationTests" time="23.365" tests="1" errors="0" skipped="0" failures="0">
  <properties>
[...]
</properties>
  <testcase name="contextLoads" classname="com.example.ecole.EcoleApplicationTests" time="2.162">
    <system-out><![CDATA[  .   ____          _            __ _ _
 /\\ / ___'_ __ _ _(_)_ __  __ _ \ \ \ \
( ( )\___ | '_ | '_| | '_ \/ _` | \ \ \ \
 \\/  ___)| |_)| | | | | || (_| |  ) ) ) )
  '  |____| .__|_| |_|_| |_\__, | / / / /
 =========|_|==============|___/=/_/_/_/

 :: Spring Boot ::                (v3.3.0)

2026-06-22T10:54:38.209+03:00  INFO 14915 --- [ecole] [           main] c.example.ecole.EcoleApplicationTests    : Starting EcoleApplicationTests using Java 21.0.11 with PID 14915 (started by tiavina-anjaranomena in /home/tiavina-anjaranomena/PROJET-BAOVOLA/secretariat)
2026-06-22T10:54:38.213+03:00  INFO 14915 --- [ecole] [           main] c.example.ecole.EcoleApplicationTests    : No active profile set, falling back to 1 default profile: "default"
2026-06-22T10:54:41.146+03:00  INFO 14915 --- [ecole] [           main] .s.d.r.c.RepositoryConfigurationDelegate : Bootstrapping Spring Data JPA repositories in DEFAULT mode.
2026-06-22T10:54:41.269+03:00  INFO 14915 --- [ecole] [           main] .s.d.r.c.RepositoryConfigurationDelegate : Finished Spring Data repository scanning in 107 ms. Found 3 JPA repository interfaces.
2026-06-22T10:54:43.301+03:00  INFO 14915 --- [ecole] [           main] o.hibernate.jpa.internal.util.LogHelper  : HHH000204: Processing PersistenceUnitInfo [name: default]
2026-06-22T10:54:43.677+03:00  INFO 14915 --- [ecole] [           main] org.hibernate.Version                    : HHH000412: Hibernate ORM core version 6.5.2.Final
2026-06-22T10:54:43.969+03:00  INFO 14915 --- [ecole] [           main] o.h.c.internal.RegionFactoryInitiator    : HHH000026: Second-level cache disabled
2026-06-22T10:54:46.488+03:00  INFO 14915 --- [ecole] [           main] o.s.o.j.p.SpringPersistenceUnitInfo      : No LoadTimeWeaver setup: ignoring JPA class transformer
2026-06-22T10:54:46.678+03:00  INFO 14915 --- [ecole] [           main] com.zaxxer.hikari.HikariDataSource       : HikariPool-1 - Starting...
2026-06-22T10:54:47.397+03:00  INFO 14915 --- [ecole] [           main] com.zaxxer.hikari.pool.HikariPool        : HikariPool-1 - Added connection org.postgresql.jdbc.PgConnection@5a8d676e
2026-06-22T10:54:47.399+03:00  INFO 14915 --- [ecole] [           main] com.zaxxer.hikari.HikariDataSource       : HikariPool-1 - Start completed.
2026-06-22T10:54:48.316+03:00  WARN 14915 --- [ecole] [           main] org.hibernate.orm.deprecation            : HHH90000025: PostgreSQLDialect does not need to be specified explicitly using 'hibernate.dialect' (remove the property setting and it will be selected by default)
2026-06-22T10:54:49.762+03:00  INFO 14915 --- [ecole] [           main] o.h.e.t.j.p.i.JtaPlatformInitiator       : HHH000489: No JTA platform available (set 'hibernate.transaction.jta.platform' to enable JTA platform integration)
2026-06-22T10:54:52.079+03:00 DEBUG 14915 --- [ecole] [           main] org.hibernate.SQL                        : 
    alter table if exists roles 
       alter column description set data type varchar(255)
Hibernate: 
    alter table if exists roles 
       alter column description set data type varchar(255)
2026-06-22T10:54:52.806+03:00 DEBUG 14915 --- [ecole] [           main] org.hibernate.SQL                        : 
    alter table if exists roles 
       add column libelle varchar(255)
Hibernate: 
    alter table if exists roles 
       add column libelle varchar(255)
2026-06-22T10:54:52.906+03:00 DEBUG 14915 --- [ecole] [           main] org.hibernate.SQL                        : 
    alter table if exists user_roles 
       add column id integer generated by default as identity
Hibernate: 
    alter table if exists user_roles 
       add column id integer generated by default as identity
2026-06-22T10:54:53.188+03:00 DEBUG 14915 --- [ecole] [           main] org.hibernate.SQL                        : 
    alter table if exists users 
       add column update_at timestamp(6)
Hibernate: 
    alter table if exists users 
       add column update_at timestamp(6)
2026-06-22T10:54:53.450+03:00  INFO 14915 --- [ecole] [           main] j.LocalContainerEntityManagerFactoryBean : Initialized JPA EntityManagerFactory for persistence unit 'default'
2026-06-22T10:54:54.214+03:00  WARN 14915 --- [ecole] [           main] JpaBaseConfiguration$JpaWebConfiguration : spring.jpa.open-in-view is enabled by default. Therefore, database queries may be performed during view rendering. Explicitly configure spring.jpa.open-in-view to disable this warning
2026-06-22T10:54:54.262+03:00  INFO 14915 --- [ecole] [           main] o.s.b.a.w.s.WelcomePageHandlerMapping    : Adding welcome page template: index
2026-06-22T10:54:55.174+03:00  WARN 14915 --- [ecole] [           main] .s.s.UserDetailsServiceAutoConfiguration : 

Using generated security password: c86029bb-706e-4351-8e95-07766cd6a4ce

This generated password is for development use only. Your security configuration must be updated before running your application in production.

2026-06-22T10:54:55.224+03:00  INFO 14915 --- [ecole] [           main] r$InitializeUserDetailsManagerConfigurer : Global AuthenticationManager configured with UserDetailsService bean with name inMemoryUserDetailsManager
2026-06-22T10:54:55.654+03:00  INFO 14915 --- [ecole] [           main] o.s.s.web.DefaultSecurityFilterChain     : Will secure any request with [org.springframework.security.web.session.DisableEncodeUrlFilter@1e8b0ab5, org.springframework.security.web.context.request.async.WebAsyncManagerIntegrationFilter@7ef34eb3, org.springframework.security.web.context.SecurityContextHolderFilter@6441cff1, org.springframework.security.web.header.HeaderWriterFilter@68a1bb31, org.springframework.web.filter.CorsFilter@2719139f, org.springframework.security.web.csrf.CsrfFilter@507e3e77, org.springframework.security.web.authentication.logout.LogoutFilter@5c450960, org.springframework.security.web.authentication.UsernamePasswordAuthenticationFilter@34ac72c3, org.springframework.security.web.authentication.ui.DefaultLoginPageGeneratingFilter@509e0253, org.springframework.security.web.authentication.ui.DefaultLogoutPageGeneratingFilter@5dfc7b3f, org.springframework.security.web.authentication.www.BasicAuthenticationFilter@40e41f88, org.springframework.security.web.savedrequest.RequestCacheAwareFilter@4f09d998, org.springframework.security.web.servletapi.SecurityContextHolderAwareRequestFilter@66694050, org.springframework.security.web.authentication.AnonymousAuthenticationFilter@1b641c97, org.springframework.security.web.access.ExceptionTranslationFilter@2ac00dc9, org.springframework.security.web.access.intercept.AuthorizationFilter@289b7efe]
2026-06-22T10:54:55.741+03:00  INFO 14915 --- [ecole] [           main] c.example.ecole.EcoleApplicationTests    : Started EcoleApplicationTests in 18.926 seconds (process running for 24.057)
]]></system-out>
    <system-err><![CDATA[WARNING: A Java agent has been loaded dynamically (/home/tiavina-anjaranomena/.m2/repository/net/bytebuddy/byte-buddy-agent/1.14.16/byte-buddy-agent-1.14.16.jar)
WARNING: If a serviceability tool is in use, please run with -XX:+EnableDynamicAgentLoading to hide this warning
WARNING: If a serviceability tool is not in use, please run with -Djdk.instrument.traceUsage for more information
WARNING: Dynamic loading of agents will be disallowed by default in a future release
]]></system-err>
  </testcase>
</testsuite>